[01-10 20:34:13]: [INFO] Created column 'regdate' and set the current timestamp, 1673354053218, to all 0 rows
[01-10 20:34:13]: [INFO] SQLite Setup finished
[01-10 20:34:13]: [INFO] Hooked into LuckPerms!
[01-10 20:34:13]: [INFO] Hooked successfully into Essentials
[01-10 20:34:13]: [INFO] Essentials spawn file not found: 'F:\desktop\CBE2.0\plugins\Essentials\spawn.yml'
[01-10 20:34:14]: [INFO] AuthMe 5.6.0-beta2 build n.2453 successfully enabled!
[01-10 20:34:14]: [INFO] Downloading GEO IP database, because the old database is older than 30 days or doesn't exist
[01-10 20:34:14]: [WARN] No MaxMind credentials found in the configuration file! GeoIp protections will be disabled.
[01-10 20:34:14]: [INFO] There is no newer GEO IP database uploaded to MaxMind. Using the old one for now.
[01-10 20:34:14]: [WARN] Could not download GeoLiteAPI database [FileNotFoundException]: plugins\AuthMe\GeoLite2-Country.mmdb (系统找不到指定的文件。)
[01-10 20:34:14]: java.io.FileNotFoundException: plugins\AuthMe\GeoLite2-Country.mmdb (系统找不到指定的文件。)
	at java.base/java.io.RandomAccessFile.open0(Native Method)
	at java.base/java.io.RandomAccessFile.open(RandomAccessFile.java:344)
	at java.base/java.io.RandomAccessFile.<init>(RandomAccessFile.java:259)
	at java.base/java.io.RandomAccessFile.<init>(RandomAccessFile.java:213)
	at fr.xephi.authme.libs.com.maxmind.db.BufferHolder.<init>(BufferHolder.java:20)
	at fr.xephi.authme.libs.com.maxmind.db.Reader.<init>(Reader.java:121)
	at fr.xephi.authme.service.GeoIpService.startReading(GeoIpService.java:173)
	at fr.xephi.authme.service.GeoIpService.updateDatabase(GeoIpService.java:144)
	at org.bukkit.craftbukkit.v1_16_R3.scheduler.CraftTask.run(CraftTask.java:81)
	at org.bukkit.craftbukkit.v1_16_R3.scheduler.CraftAsyncTask.run(CraftAsyncTask.java:54)
	at java.base/java.util.concurrent.ThreadPoolExecutor.runWorker(ThreadPoolExecutor.java:1136)
	at java.base/java.util.concurrent.ThreadPoolExecutor$Worker.run(ThreadPoolExecutor.java:635)
	at java.base/java.lang.Thread.run(Thread.java:833)

[01-10 20:34:38]: [FINE] Chun_QiuCQ registered 127.0.0.1
[01-10 20:34:38]: [FINE] Chun_QiuCQ logged in 127.0.0.1
[01-10 20:40:14]: [FINE] Chun_QiuCQ logged in 127.0.0.1
[01-10 20:44:35]: [INFO] AuthMe 5.6.0-beta2-b2453 disabled!
[01-10 20:45:29]: [INFO] SQLite Setup finished
[01-10 20:45:29]: [INFO] Hooked into LuckPerms!
[01-10 20:45:29]: [INFO] Hooked successfully into Essentials
[01-10 20:45:29]: [INFO] Essentials spawn file not found: 'F:\desktop\CBE2.0\plugins\Essentials\spawn.yml'
[01-10 20:45:29]: [INFO] AuthMe 5.6.0-beta2 build n.2453 successfully enabled!
[01-10 20:45:31]: [INFO] Downloading GEO IP database, because the old database is older than 30 days or doesn't exist
[01-10 20:45:31]: [WARN] No MaxMind credentials found in the configuration file! GeoIp protections will be disabled.
[01-10 20:45:31]: [INFO] There is no newer GEO IP database uploaded to MaxMind. Using the old one for now.
[01-10 20:45:31]: [WARN] Could not download GeoLiteAPI database [FileNotFoundException]: plugins\AuthMe\GeoLite2-Country.mmdb (系统找不到指定的文件。)
[01-10 20:45:31]: java.io.FileNotFoundException: plugins\AuthMe\GeoLite2-Country.mmdb (系统找不到指定的文件。)
	at java.base/java.io.RandomAccessFile.open0(Native Method)
	at java.base/java.io.RandomAccessFile.open(RandomAccessFile.java:344)
	at java.base/java.io.RandomAccessFile.<init>(RandomAccessFile.java:259)
	at java.base/java.io.RandomAccessFile.<init>(RandomAccessFile.java:213)
	at fr.xephi.authme.libs.com.maxmind.db.BufferHolder.<init>(BufferHolder.java:20)
	at fr.xephi.authme.libs.com.maxmind.db.Reader.<init>(Reader.java:121)
	at fr.xephi.authme.service.GeoIpService.startReading(GeoIpService.java:173)
	at fr.xephi.authme.service.GeoIpService.updateDatabase(GeoIpService.java:144)
	at org.bukkit.craftbukkit.v1_16_R3.scheduler.CraftTask.run(CraftTask.java:81)
	at org.bukkit.craftbukkit.v1_16_R3.scheduler.CraftAsyncTask.run(CraftAsyncTask.java:54)
	at java.base/java.util.concurrent.ThreadPoolExecutor.runWorker(ThreadPoolExecutor.java:1136)
	at java.base/java.util.concurrent.ThreadPoolExecutor$Worker.run(ThreadPoolExecutor.java:635)
	at java.base/java.lang.Thread.run(Thread.java:833)

[01-10 20:46:28]: [FINE] Chun_QiuCQ logged in 127.0.0.1
[01-10 20:46:57]: [FINE] Chun_QiuCQ logged in 127.0.0.1
[01-10 20:53:58]: [FINE] Chun_QiuCQ logged in 127.0.0.1
[01-10 21:38:52]: [INFO] AuthMe 5.6.0-beta2-b2453 disabled!
[01-10 21:38:53]: [INFO] SQLite Setup finished
[01-10 21:38:53]: [INFO] Hooked into LuckPerms!
[01-10 21:38:53]: [INFO] Hooked successfully into Essentials
[01-10 21:38:53]: [INFO] Essentials spawn file not found: 'F:\desktop\CBE2.0\plugins\Essentials\spawn.yml'
[01-10 21:38:53]: [INFO] AuthMe 5.6.0-beta2 build n.2453 successfully enabled!
[01-10 21:38:53]: [INFO] Downloading GEO IP database, because the old database is older than 30 days or doesn't exist
[01-10 21:38:53]: [WARN] No MaxMind credentials found in the configuration file! GeoIp protections will be disabled.
[01-10 21:38:53]: [INFO] There is no newer GEO IP database uploaded to MaxMind. Using the old one for now.
[01-10 21:38:53]: [WARN] Could not download GeoLiteAPI database [FileNotFoundException]: plugins\AuthMe\GeoLite2-Country.mmdb (系统找不到指定的文件。)
[01-10 21:38:53]: java.io.FileNotFoundException: plugins\AuthMe\GeoLite2-Country.mmdb (系统找不到指定的文件。)
	at java.base/java.io.RandomAccessFile.open0(Native Method)
	at java.base/java.io.RandomAccessFile.open(RandomAccessFile.java:344)
	at java.base/java.io.RandomAccessFile.<init>(RandomAccessFile.java:259)
	at java.base/java.io.RandomAccessFile.<init>(RandomAccessFile.java:213)
	at fr.xephi.authme.libs.com.maxmind.db.BufferHolder.<init>(BufferHolder.java:20)
	at fr.xephi.authme.libs.com.maxmind.db.Reader.<init>(Reader.java:121)
	at fr.xephi.authme.service.GeoIpService.startReading(GeoIpService.java:173)
	at fr.xephi.authme.service.GeoIpService.updateDatabase(GeoIpService.java:144)
	at org.bukkit.craftbukkit.v1_16_R3.scheduler.CraftTask.run(CraftTask.java:81)
	at org.bukkit.craftbukkit.v1_16_R3.scheduler.CraftAsyncTask.run(CraftAsyncTask.java:54)
	at java.base/java.util.concurrent.ThreadPoolExecutor.runWorker(ThreadPoolExecutor.java:1136)
	at java.base/java.util.concurrent.ThreadPoolExecutor$Worker.run(ThreadPoolExecutor.java:635)
	at java.base/java.lang.Thread.run(Thread.java:833)

[01-10 21:39:05]: [FINE] Chun_QiuCQ used the wrong password
[01-10 21:39:28]: [FINE] Chun_QiuCQ logged in 127.0.0.1
[01-10 21:40:57]: [INFO] AuthMe 5.6.0-beta2-b2453 disabled!
[01-10 21:40:58]: [INFO] SQLite Setup finished
[01-10 21:40:58]: [INFO] Hooked into LuckPerms!
[01-10 21:40:58]: [INFO] Hooked successfully into Essentials
[01-10 21:40:58]: [INFO] Essentials spawn file not found: 'F:\desktop\CBE2.0\plugins\Essentials\spawn.yml'
[01-10 21:40:58]: [INFO] AuthMe 5.6.0-beta2 build n.2453 successfully enabled!
[01-10 21:40:58]: [INFO] Downloading GEO IP database, because the old database is older than 30 days or doesn't exist
[01-10 21:40:58]: [WARN] No MaxMind credentials found in the configuration file! GeoIp protections will be disabled.
[01-10 21:40:58]: [INFO] There is no newer GEO IP database uploaded to MaxMind. Using the old one for now.
[01-10 21:40:58]: [WARN] Could not download GeoLiteAPI database [FileNotFoundException]: plugins\AuthMe\GeoLite2-Country.mmdb (系统找不到指定的文件。)
[01-10 21:40:58]: java.io.FileNotFoundException: plugins\AuthMe\GeoLite2-Country.mmdb (系统找不到指定的文件。)
	at java.base/java.io.RandomAccessFile.open0(Native Method)
	at java.base/java.io.RandomAccessFile.open(RandomAccessFile.java:344)
	at java.base/java.io.RandomAccessFile.<init>(RandomAccessFile.java:259)
	at java.base/java.io.RandomAccessFile.<init>(RandomAccessFile.java:213)
	at fr.xephi.authme.libs.com.maxmind.db.BufferHolder.<init>(BufferHolder.java:20)
	at fr.xephi.authme.libs.com.maxmind.db.Reader.<init>(Reader.java:121)
	at fr.xephi.authme.service.GeoIpService.startReading(GeoIpService.java:173)
	at fr.xephi.authme.service.GeoIpService.updateDatabase(GeoIpService.java:144)
	at org.bukkit.craftbukkit.v1_16_R3.scheduler.CraftTask.run(CraftTask.java:81)
	at org.bukkit.craftbukkit.v1_16_R3.scheduler.CraftAsyncTask.run(CraftAsyncTask.java:54)
	at java.base/java.util.concurrent.ThreadPoolExecutor.runWorker(ThreadPoolExecutor.java:1136)
	at java.base/java.util.concurrent.ThreadPoolExecutor$Worker.run(ThreadPoolExecutor.java:635)
	at java.base/java.lang.Thread.run(Thread.java:833)

[01-10 21:41:04]: [FINE] Chun_QiuCQ logged in 127.0.0.1
[01-10 21:42:01]: [FINE] Chun_QiuCQ logged in 127.0.0.1
[01-10 21:42:07]: [INFO] AuthMe 5.6.0-beta2-b2453 disabled!
[01-10 21:42:48]: [INFO] SQLite Setup finished
[01-10 21:42:48]: [INFO] Hooked into LuckPerms!
[01-10 21:42:48]: [INFO] Hooked successfully into Essentials
[01-10 21:42:48]: [INFO] Essentials spawn file not found: 'F:\desktop\CBE2.0\plugins\Essentials\spawn.yml'
[01-10 21:42:48]: [INFO] AuthMe 5.6.0-beta2 build n.2453 successfully enabled!
[01-10 21:42:50]: [INFO] Downloading GEO IP database, because the old database is older than 30 days or doesn't exist
[01-10 21:42:50]: [WARN] No MaxMind credentials found in the configuration file! GeoIp protections will be disabled.
[01-10 21:42:50]: [INFO] There is no newer GEO IP database uploaded to MaxMind. Using the old one for now.
[01-10 21:42:50]: [WARN] Could not download GeoLiteAPI database [FileNotFoundException]: plugins\AuthMe\GeoLite2-Country.mmdb (系统找不到指定的文件。)
[01-10 21:42:50]: java.io.FileNotFoundException: plugins\AuthMe\GeoLite2-Country.mmdb (系统找不到指定的文件。)
	at java.base/java.io.RandomAccessFile.open0(Native Method)
	at java.base/java.io.RandomAccessFile.open(RandomAccessFile.java:344)
	at java.base/java.io.RandomAccessFile.<init>(RandomAccessFile.java:259)
	at java.base/java.io.RandomAccessFile.<init>(RandomAccessFile.java:213)
	at fr.xephi.authme.libs.com.maxmind.db.BufferHolder.<init>(BufferHolder.java:20)
	at fr.xephi.authme.libs.com.maxmind.db.Reader.<init>(Reader.java:121)
	at fr.xephi.authme.service.GeoIpService.startReading(GeoIpService.java:173)
	at fr.xephi.authme.service.GeoIpService.updateDatabase(GeoIpService.java:144)
	at org.bukkit.craftbukkit.v1_16_R3.scheduler.CraftTask.run(CraftTask.java:81)
	at org.bukkit.craftbukkit.v1_16_R3.scheduler.CraftAsyncTask.run(CraftAsyncTask.java:54)
	at java.base/java.util.concurrent.ThreadPoolExecutor.runWorker(ThreadPoolExecutor.java:1136)
	at java.base/java.util.concurrent.ThreadPoolExecutor$Worker.run(ThreadPoolExecutor.java:635)
	at java.base/java.lang.Thread.run(Thread.java:833)

[01-10 21:43:20]: [FINE] Chun_QiuCQ used the wrong password
[01-10 21:43:38]: [FINE] Chun_QiuCQ logged in 127.0.0.1
[01-10 22:04:19]: [FINE] Shu_Bao registered 127.0.0.1
[01-10 22:04:19]: [FINE] The user Shu_Bao has 2 accounts:
[01-10 22:04:19]: [FINE] §7§aChun_QiuCQ§7, §aShu_Bao§7.
[01-10 22:04:19]: [FINE] Shu_Bao logged in 127.0.0.1
[01-10 22:05:34]: [FINE] Shu_Bao used the wrong password
[01-10 22:06:00]: [FINE] The user Shu_Bao has 2 accounts:
[01-10 22:06:00]: [FINE] §7§aChun_QiuCQ§7, §aShu_Bao§7.
[01-10 22:06:00]: [FINE] Shu_Bao logged in 127.0.0.1
[01-10 22:07:11]: [FINE] The user Chun_QiuCQ has 2 accounts:
[01-10 22:07:11]: [FINE] §7§aChun_QiuCQ§7, §aShu_Bao§7.
[01-10 22:07:11]: [FINE] Chun_QiuCQ logged in 127.0.0.1
[01-10 23:30:19]: [INFO] AuthMe 5.6.0-beta2-b2453 disabled!
[01-10 23:32:15]: [INFO] SQLite Setup finished
[01-10 23:32:15]: [INFO] Hooked into LuckPerms!
[01-10 23:32:15]: [INFO] Hooked successfully into Essentials
[01-10 23:32:15]: [INFO] Essentials spawn file not found: 'F:\desktop\CBE2.0\plugins\Essentials\spawn.yml'
[01-10 23:32:15]: [INFO] AuthMe 5.6.0-beta2 build n.2453 successfully enabled!
[01-10 23:32:25]: [INFO] Downloading GEO IP database, because the old database is older than 30 days or doesn't exist
[01-10 23:32:25]: [WARN] No MaxMind credentials found in the configuration file! GeoIp protections will be disabled.
[01-10 23:32:25]: [INFO] There is no newer GEO IP database uploaded to MaxMind. Using the old one for now.
[01-10 23:32:25]: [WARN] Could not download GeoLiteAPI database [FileNotFoundException]: plugins\AuthMe\GeoLite2-Country.mmdb (系统找不到指定的文件。)
[01-10 23:32:25]: java.io.FileNotFoundException: plugins\AuthMe\GeoLite2-Country.mmdb (系统找不到指定的文件。)
	at java.base/java.io.RandomAccessFile.open0(Native Method)
	at java.base/java.io.RandomAccessFile.open(RandomAccessFile.java:344)
	at java.base/java.io.RandomAccessFile.<init>(RandomAccessFile.java:259)
	at java.base/java.io.RandomAccessFile.<init>(RandomAccessFile.java:213)
	at fr.xephi.authme.libs.com.maxmind.db.BufferHolder.<init>(BufferHolder.java:20)
	at fr.xephi.authme.libs.com.maxmind.db.Reader.<init>(Reader.java:121)
	at fr.xephi.authme.service.GeoIpService.startReading(GeoIpService.java:173)
	at fr.xephi.authme.service.GeoIpService.updateDatabase(GeoIpService.java:144)
	at org.bukkit.craftbukkit.v1_16_R3.scheduler.CraftTask.run(CraftTask.java:81)
	at org.bukkit.craftbukkit.v1_16_R3.scheduler.CraftAsyncTask.run(CraftAsyncTask.java:54)
	at java.base/java.util.concurrent.ThreadPoolExecutor.runWorker(ThreadPoolExecutor.java:1136)
	at java.base/java.util.concurrent.ThreadPoolExecutor$Worker.run(ThreadPoolExecutor.java:635)
	at java.base/java.lang.Thread.run(Thread.java:833)

[01-10 23:33:49]: [FINE] The user Chun_QiuCQ has 2 accounts:
[01-10 23:33:49]: [FINE] §7§aChun_QiuCQ§7, shu_bao.
[01-10 23:33:49]: [FINE] Chun_QiuCQ logged in 127.0.0.1
[01-10 23:34:38]: [FINE] The user Shu_Bao has 2 accounts:
[01-10 23:34:38]: [FINE] §7§aChun_QiuCQ§7, §aShu_Bao§7.
[01-10 23:34:38]: [FINE] Shu_Bao logged in 127.0.0.1
[01-10 23:35:40]: [INFO] AuthMe 5.6.0-beta2-b2453 disabled!
[01-10 23:35:41]: [INFO] SQLite Setup finished
[01-10 23:35:41]: [INFO] Hooked into LuckPerms!
[01-10 23:35:41]: [INFO] Hooked successfully into Essentials
[01-10 23:35:41]: [INFO] Essentials spawn file not found: 'F:\desktop\CBE2.0\plugins\Essentials\spawn.yml'
[01-10 23:35:41]: [INFO] AuthMe 5.6.0-beta2 build n.2453 successfully enabled!
[01-10 23:35:41]: [INFO] Downloading GEO IP database, because the old database is older than 30 days or doesn't exist
[01-10 23:35:41]: [WARN] No MaxMind credentials found in the configuration file! GeoIp protections will be disabled.
[01-10 23:35:41]: [INFO] There is no newer GEO IP database uploaded to MaxMind. Using the old one for now.
[01-10 23:35:41]: [WARN] Could not download GeoLiteAPI database [FileNotFoundException]: plugins\AuthMe\GeoLite2-Country.mmdb (系统找不到指定的文件。)
[01-10 23:35:41]: java.io.FileNotFoundException: plugins\AuthMe\GeoLite2-Country.mmdb (系统找不到指定的文件。)
	at java.base/java.io.RandomAccessFile.open0(Native Method)
	at java.base/java.io.RandomAccessFile.open(RandomAccessFile.java:344)
	at java.base/java.io.RandomAccessFile.<init>(RandomAccessFile.java:259)
	at java.base/java.io.RandomAccessFile.<init>(RandomAccessFile.java:213)
	at fr.xephi.authme.libs.com.maxmind.db.BufferHolder.<init>(BufferHolder.java:20)
	at fr.xephi.authme.libs.com.maxmind.db.Reader.<init>(Reader.java:121)
	at fr.xephi.authme.service.GeoIpService.startReading(GeoIpService.java:173)
	at fr.xephi.authme.service.GeoIpService.updateDatabase(GeoIpService.java:144)
	at org.bukkit.craftbukkit.v1_16_R3.scheduler.CraftTask.run(CraftTask.java:81)
	at org.bukkit.craftbukkit.v1_16_R3.scheduler.CraftAsyncTask.run(CraftAsyncTask.java:54)
	at java.base/java.util.concurrent.ThreadPoolExecutor.runWorker(ThreadPoolExecutor.java:1136)
	at java.base/java.util.concurrent.ThreadPoolExecutor$Worker.run(ThreadPoolExecutor.java:635)
	at java.base/java.lang.Thread.run(Thread.java:833)

[01-10 23:35:44]: [FINE] The user Chun_QiuCQ has 2 accounts:
[01-10 23:35:44]: [FINE] §7§aChun_QiuCQ§7, §aShu_Bao§7.
[01-10 23:35:44]: [FINE] Chun_QiuCQ logged in 127.0.0.1
[01-10 23:36:03]: [FINE] The user Shu_Bao has 2 accounts:
[01-10 23:36:03]: [FINE] §7§aChun_QiuCQ§7, §aShu_Bao§7.
[01-10 23:36:03]: [FINE] Shu_Bao logged in 127.0.0.1
[01-10 23:40:48]: [FINE] The user Shu_Bao has 2 accounts:
[01-10 23:40:48]: [FINE] §7§aChun_QiuCQ§7, §aShu_Bao§7.
[01-10 23:40:48]: [FINE] Shu_Bao logged in 127.0.0.1
[01-10 23:40:53]: [INFO] AuthMe 5.6.0-beta2-b2453 disabled!
[01-10 23:40:53]: [INFO] SQLite Setup finished
[01-10 23:40:53]: [INFO] Hooked into LuckPerms!
[01-10 23:40:53]: [INFO] Hooked successfully into Essentials
[01-10 23:40:53]: [INFO] Essentials spawn file not found: 'F:\desktop\CBE2.0\plugins\Essentials\spawn.yml'
[01-10 23:40:53]: [INFO] AuthMe 5.6.0-beta2 build n.2453 successfully enabled!
[01-10 23:40:53]: [INFO] Downloading GEO IP database, because the old database is older than 30 days or doesn't exist
[01-10 23:40:53]: [WARN] No MaxMind credentials found in the configuration file! GeoIp protections will be disabled.
[01-10 23:40:53]: [INFO] There is no newer GEO IP database uploaded to MaxMind. Using the old one for now.
[01-10 23:40:53]: [WARN] Could not download GeoLiteAPI database [FileNotFoundException]: plugins\AuthMe\GeoLite2-Country.mmdb (系统找不到指定的文件。)
[01-10 23:40:53]: java.io.FileNotFoundException: plugins\AuthMe\GeoLite2-Country.mmdb (系统找不到指定的文件。)
	at java.base/java.io.RandomAccessFile.open0(Native Method)
	at java.base/java.io.RandomAccessFile.open(RandomAccessFile.java:344)
	at java.base/java.io.RandomAccessFile.<init>(RandomAccessFile.java:259)
	at java.base/java.io.RandomAccessFile.<init>(RandomAccessFile.java:213)
	at fr.xephi.authme.libs.com.maxmind.db.BufferHolder.<init>(BufferHolder.java:20)
	at fr.xephi.authme.libs.com.maxmind.db.Reader.<init>(Reader.java:121)
	at fr.xephi.authme.service.GeoIpService.startReading(GeoIpService.java:173)
	at fr.xephi.authme.service.GeoIpService.updateDatabase(GeoIpService.java:144)
	at org.bukkit.craftbukkit.v1_16_R3.scheduler.CraftTask.run(CraftTask.java:81)
	at org.bukkit.craftbukkit.v1_16_R3.scheduler.CraftAsyncTask.run(CraftAsyncTask.java:54)
	at java.base/java.util.concurrent.ThreadPoolExecutor.runWorker(ThreadPoolExecutor.java:1136)
	at java.base/java.util.concurrent.ThreadPoolExecutor$Worker.run(ThreadPoolExecutor.java:635)
	at java.base/java.lang.Thread.run(Thread.java:833)

[01-10 23:40:59]: [FINE] Chun_QiuCQ logged in 127.0.0.1
[01-10 23:41:22]: [FINE] Shu_Bao logged in 127.0.0.1
[01-10 23:41:53]: [INFO] AuthMe 5.6.0-beta2-b2453 disabled!
[01-10 23:42:41]: [INFO] SQLite Setup finished
[01-10 23:42:41]: [INFO] Hooked into LuckPerms!
[01-10 23:42:41]: [INFO] Hooked successfully into Essentials
[01-10 23:42:41]: [INFO] Essentials spawn file not found: 'F:\desktop\CBE2.0\plugins\Essentials\spawn.yml'
[01-10 23:42:41]: [INFO] AuthMe 5.6.0-beta2 build n.2453 successfully enabled!
[01-10 23:42:44]: [INFO] Downloading GEO IP database, because the old database is older than 30 days or doesn't exist
[01-10 23:42:44]: [WARN] No MaxMind credentials found in the configuration file! GeoIp protections will be disabled.
[01-10 23:42:44]: [INFO] There is no newer GEO IP database uploaded to MaxMind. Using the old one for now.
[01-10 23:42:44]: [WARN] Could not download GeoLiteAPI database [FileNotFoundException]: plugins\AuthMe\GeoLite2-Country.mmdb (系统找不到指定的文件。)
[01-10 23:42:44]: java.io.FileNotFoundException: plugins\AuthMe\GeoLite2-Country.mmdb (系统找不到指定的文件。)
	at java.base/java.io.RandomAccessFile.open0(Native Method)
	at java.base/java.io.RandomAccessFile.open(RandomAccessFile.java:344)
	at java.base/java.io.RandomAccessFile.<init>(RandomAccessFile.java:259)
	at java.base/java.io.RandomAccessFile.<init>(RandomAccessFile.java:213)
	at fr.xephi.authme.libs.com.maxmind.db.BufferHolder.<init>(BufferHolder.java:20)
	at fr.xephi.authme.libs.com.maxmind.db.Reader.<init>(Reader.java:121)
	at fr.xephi.authme.service.GeoIpService.startReading(GeoIpService.java:173)
	at fr.xephi.authme.service.GeoIpService.updateDatabase(GeoIpService.java:144)
	at org.bukkit.craftbukkit.v1_16_R3.scheduler.CraftTask.run(CraftTask.java:81)
	at org.bukkit.craftbukkit.v1_16_R3.scheduler.CraftAsyncTask.run(CraftAsyncTask.java:54)
	at java.base/java.util.concurrent.ThreadPoolExecutor.runWorker(ThreadPoolExecutor.java:1136)
	at java.base/java.util.concurrent.ThreadPoolExecutor$Worker.run(ThreadPoolExecutor.java:635)
	at java.base/java.lang.Thread.run(Thread.java:833)

[01-10 23:44:02]: [FINE] Chun_QiuCQ logged in 127.0.0.1
[01-10 23:44:06]: [FINE] Shu_Bao logged in 127.0.0.1
[01-11 00:06:27]: [FINE] Shu_Bao logged in 127.0.0.1
[01-11 00:08:53]: [FINE] Shu_Bao logged in 127.0.0.1
[01-11 00:08:56]: [FINE] Chun_QiuCQ logged in 127.0.0.1
[01-11 00:10:58]: [INFO] AuthMe 5.6.0-beta2-b2453 disabled!
[01-11 00:12:21]: [INFO] SQLite Setup finished
[01-11 00:12:21]: [INFO] Hooked into LuckPerms!
[01-11 00:12:21]: [INFO] Hooked successfully into Essentials
[01-11 00:12:21]: [INFO] Essentials spawn file not found: 'F:\desktop\CBE2.0\plugins\Essentials\spawn.yml'
[01-11 00:12:21]: [INFO] AuthMe 5.6.0-beta2 build n.2453 successfully enabled!
[01-11 00:12:23]: [INFO] Downloading GEO IP database, because the old database is older than 30 days or doesn't exist
[01-11 00:12:23]: [WARN] No MaxMind credentials found in the configuration file! GeoIp protections will be disabled.
[01-11 00:12:23]: [INFO] There is no newer GEO IP database uploaded to MaxMind. Using the old one for now.
[01-11 00:12:23]: [WARN] Could not download GeoLiteAPI database [FileNotFoundException]: plugins\AuthMe\GeoLite2-Country.mmdb (系统找不到指定的文件。)
[01-11 00:12:23]: java.io.FileNotFoundException: plugins\AuthMe\GeoLite2-Country.mmdb (系统找不到指定的文件。)
	at java.base/java.io.RandomAccessFile.open0(Native Method)
	at java.base/java.io.RandomAccessFile.open(RandomAccessFile.java:344)
	at java.base/java.io.RandomAccessFile.<init>(RandomAccessFile.java:259)
	at java.base/java.io.RandomAccessFile.<init>(RandomAccessFile.java:213)
	at fr.xephi.authme.libs.com.maxmind.db.BufferHolder.<init>(BufferHolder.java:20)
	at fr.xephi.authme.libs.com.maxmind.db.Reader.<init>(Reader.java:121)
	at fr.xephi.authme.service.GeoIpService.startReading(GeoIpService.java:173)
	at fr.xephi.authme.service.GeoIpService.updateDatabase(GeoIpService.java:144)
	at org.bukkit.craftbukkit.v1_16_R3.scheduler.CraftTask.run(CraftTask.java:81)
	at org.bukkit.craftbukkit.v1_16_R3.scheduler.CraftAsyncTask.run(CraftAsyncTask.java:54)
	at java.base/java.util.concurrent.ThreadPoolExecutor.runWorker(ThreadPoolExecutor.java:1136)
	at java.base/java.util.concurrent.ThreadPoolExecutor$Worker.run(ThreadPoolExecutor.java:635)
	at java.base/java.lang.Thread.run(Thread.java:833)

[01-11 00:13:39]: [FINE] Chun_QiuCQ logged in 127.0.0.1
[01-11 00:14:10]: [FINE] Shu_Bao logged in 127.0.0.1
[01-11 00:40:18]: [FINE] FuyuShigure registered 127.0.0.1
[01-11 00:40:18]: [FINE] FuyuShigure logged in 127.0.0.1
[01-11 01:01:50]: [FINE] Chun_QiuCQ logged in 127.0.0.1
[01-11 01:03:14]: [FINE] FuyuShigure logged in 127.0.0.1
[01-11 01:28:35]: [INFO] AuthMe 5.6.0-beta2-b2453 disabled!
[01-11 01:29:21]: [INFO] SQLite Setup finished
[01-11 01:29:21]: [INFO] Hooked into LuckPerms!
[01-11 01:29:21]: [INFO] Hooked successfully into Essentials
[01-11 01:29:21]: [INFO] Essentials spawn file not found: 'F:\desktop\CBE2.0\plugins\Essentials\spawn.yml'
[01-11 01:29:21]: [INFO] AuthMe 5.6.0-beta2 build n.2453 successfully enabled!
[01-11 01:29:23]: [INFO] Downloading GEO IP database, because the old database is older than 30 days or doesn't exist
[01-11 01:29:23]: [WARN] No MaxMind credentials found in the configuration file! GeoIp protections will be disabled.
[01-11 01:29:23]: [INFO] There is no newer GEO IP database uploaded to MaxMind. Using the old one for now.
[01-11 01:29:23]: [WARN] Could not download GeoLiteAPI database [FileNotFoundException]: plugins\AuthMe\GeoLite2-Country.mmdb (系统找不到指定的文件。)
[01-11 01:29:23]: java.io.FileNotFoundException: plugins\AuthMe\GeoLite2-Country.mmdb (系统找不到指定的文件。)
	at java.base/java.io.RandomAccessFile.open0(Native Method)
	at java.base/java.io.RandomAccessFile.open(RandomAccessFile.java:344)
	at java.base/java.io.RandomAccessFile.<init>(RandomAccessFile.java:259)
	at java.base/java.io.RandomAccessFile.<init>(RandomAccessFile.java:213)
	at fr.xephi.authme.libs.com.maxmind.db.BufferHolder.<init>(BufferHolder.java:20)
	at fr.xephi.authme.libs.com.maxmind.db.Reader.<init>(Reader.java:121)
	at fr.xephi.authme.service.GeoIpService.startReading(GeoIpService.java:173)
	at fr.xephi.authme.service.GeoIpService.updateDatabase(GeoIpService.java:144)
	at org.bukkit.craftbukkit.v1_16_R3.scheduler.CraftTask.run(CraftTask.java:81)
	at org.bukkit.craftbukkit.v1_16_R3.scheduler.CraftAsyncTask.run(CraftAsyncTask.java:54)
	at java.base/java.util.concurrent.ThreadPoolExecutor.runWorker(ThreadPoolExecutor.java:1136)
	at java.base/java.util.concurrent.ThreadPoolExecutor$Worker.run(ThreadPoolExecutor.java:635)
	at java.base/java.lang.Thread.run(Thread.java:833)

[01-11 01:31:35]: [FINE] Chun_QiuCQ logged in 127.0.0.1
[01-11 03:28:28]: [INFO] AuthMe 5.6.0-beta2-b2453 disabled!
[01-11 13:07:46]: [INFO] SQLite Setup finished
[01-11 13:07:46]: [INFO] Hooked into LuckPerms!
[01-11 13:07:47]: [INFO] Hooked successfully into Essentials
[01-11 13:07:47]: [INFO] Essentials spawn file not found: 'F:\desktop\CBE2.0\plugins\Essentials\spawn.yml'
[01-11 13:07:47]: [INFO] AuthMe 5.6.0-beta2 build n.2453 successfully enabled!
[01-11 13:07:50]: [INFO] Downloading GEO IP database, because the old database is older than 30 days or doesn't exist
[01-11 13:07:50]: [WARN] No MaxMind credentials found in the configuration file! GeoIp protections will be disabled.
[01-11 13:07:50]: [INFO] There is no newer GEO IP database uploaded to MaxMind. Using the old one for now.
[01-11 13:07:50]: [WARN] Could not download GeoLiteAPI database [FileNotFoundException]: plugins\AuthMe\GeoLite2-Country.mmdb (系统找不到指定的文件。)
[01-11 13:07:50]: java.io.FileNotFoundException: plugins\AuthMe\GeoLite2-Country.mmdb (系统找不到指定的文件。)
	at java.base/java.io.RandomAccessFile.open0(Native Method)
	at java.base/java.io.RandomAccessFile.open(RandomAccessFile.java:344)
	at java.base/java.io.RandomAccessFile.<init>(RandomAccessFile.java:259)
	at java.base/java.io.RandomAccessFile.<init>(RandomAccessFile.java:213)
	at fr.xephi.authme.libs.com.maxmind.db.BufferHolder.<init>(BufferHolder.java:20)
	at fr.xephi.authme.libs.com.maxmind.db.Reader.<init>(Reader.java:121)
	at fr.xephi.authme.service.GeoIpService.startReading(GeoIpService.java:173)
	at fr.xephi.authme.service.GeoIpService.updateDatabase(GeoIpService.java:144)
	at org.bukkit.craftbukkit.v1_16_R3.scheduler.CraftTask.run(CraftTask.java:81)
	at org.bukkit.craftbukkit.v1_16_R3.scheduler.CraftAsyncTask.run(CraftAsyncTask.java:54)
	at java.base/java.util.concurrent.ThreadPoolExecutor.runWorker(ThreadPoolExecutor.java:1136)
	at java.base/java.util.concurrent.ThreadPoolExecutor$Worker.run(ThreadPoolExecutor.java:635)
	at java.base/java.lang.Thread.run(Thread.java:833)

[01-11 13:13:59]: [FINE] Chun_QiuCQ logged in 127.0.0.1
[01-11 13:27:47]: [FINE] Chun_QiuCQ logged in 127.0.0.1
[01-11 13:30:21]: [INFO] Chun_QiuCQ logged out
[01-11 13:30:30]: [FINE] Chun_QiuCQ logged in 127.0.0.1
[01-11 13:32:03]: [INFO] Chun_QiuCQ logged out
[01-11 13:32:07]: [FINE] Chun_QiuCQ logged in 127.0.0.1
[01-11 13:32:22]: [INFO] Chun_QiuCQ logged out
[01-11 13:32:26]: [FINE] Chun_QiuCQ logged in 127.0.0.1
[01-11 13:45:08]: [INFO] AuthMe 5.6.0-beta2-b2453 disabled!
[01-11 13:45:56]: [INFO] SQLite Setup finished
[01-11 13:45:56]: [INFO] Hooked into LuckPerms!
[01-11 13:45:56]: [INFO] Hooked successfully into Essentials
[01-11 13:45:56]: [INFO] Essentials spawn file not found: 'F:\desktop\CBE2.0\plugins\Essentials\spawn.yml'
[01-11 13:45:56]: [INFO] AuthMe 5.6.0-beta2 build n.2453 successfully enabled!
[01-11 13:45:58]: [INFO] Downloading GEO IP database, because the old database is older than 30 days or doesn't exist
[01-11 13:45:58]: [WARN] No MaxMind credentials found in the configuration file! GeoIp protections will be disabled.
[01-11 13:45:58]: [INFO] There is no newer GEO IP database uploaded to MaxMind. Using the old one for now.
[01-11 13:45:58]: [WARN] Could not download GeoLiteAPI database [FileNotFoundException]: plugins\AuthMe\GeoLite2-Country.mmdb (系统找不到指定的文件。)
[01-11 13:45:58]: java.io.FileNotFoundException: plugins\AuthMe\GeoLite2-Country.mmdb (系统找不到指定的文件。)
	at java.base/java.io.RandomAccessFile.open0(Native Method)
	at java.base/java.io.RandomAccessFile.open(RandomAccessFile.java:344)
	at java.base/java.io.RandomAccessFile.<init>(RandomAccessFile.java:259)
	at java.base/java.io.RandomAccessFile.<init>(RandomAccessFile.java:213)
	at fr.xephi.authme.libs.com.maxmind.db.BufferHolder.<init>(BufferHolder.java:20)
	at fr.xephi.authme.libs.com.maxmind.db.Reader.<init>(Reader.java:121)
	at fr.xephi.authme.service.GeoIpService.startReading(GeoIpService.java:173)
	at fr.xephi.authme.service.GeoIpService.updateDatabase(GeoIpService.java:144)
	at org.bukkit.craftbukkit.v1_16_R3.scheduler.CraftTask.run(CraftTask.java:81)
	at org.bukkit.craftbukkit.v1_16_R3.scheduler.CraftAsyncTask.run(CraftAsyncTask.java:54)
	at java.base/java.util.concurrent.ThreadPoolExecutor.runWorker(ThreadPoolExecutor.java:1136)
	at java.base/java.util.concurrent.ThreadPoolExecutor$Worker.run(ThreadPoolExecutor.java:635)
	at java.base/java.lang.Thread.run(Thread.java:833)

[01-11 13:47:42]: [FINE] Chun_QiuCQ logged in 127.0.0.1
[01-11 14:04:16]: [FINE] Shu_Bao logged in 127.0.0.1
[01-11 14:20:38]: [FINE] Chun_QiuCQ logged in 127.0.0.1
[01-11 14:37:28]: [FINE] Chun_QiuCQ logged in 127.0.0.1
[01-11 14:37:43]: [FINE] Shu_Bao logged in 127.0.0.1
[01-11 17:04:09]: [INFO] AuthMe 5.6.0-beta2-b2453 disabled!
[01-11 17:05:46]: [INFO] SQLite Setup finished
[01-11 17:05:46]: [INFO] Hooked into LuckPerms!
[01-11 17:05:46]: [INFO] Hooked successfully into Essentials
[01-11 17:05:46]: [INFO] Essentials spawn file not found: 'F:\desktop\CBE2.0\plugins\Essentials\spawn.yml'
[01-11 17:05:46]: [INFO] AuthMe 5.6.0-beta2 build n.2453 successfully enabled!
[01-11 17:05:48]: [INFO] Downloading GEO IP database, because the old database is older than 30 days or doesn't exist
[01-11 17:05:48]: [WARN] No MaxMind credentials found in the configuration file! GeoIp protections will be disabled.
[01-11 17:05:48]: [INFO] There is no newer GEO IP database uploaded to MaxMind. Using the old one for now.
[01-11 17:05:48]: [WARN] Could not download GeoLiteAPI database [FileNotFoundException]: plugins\AuthMe\GeoLite2-Country.mmdb (系统找不到指定的文件。)
[01-11 17:05:48]: java.io.FileNotFoundException: plugins\AuthMe\GeoLite2-Country.mmdb (系统找不到指定的文件。)
	at java.base/java.io.RandomAccessFile.open0(Native Method)
	at java.base/java.io.RandomAccessFile.open(RandomAccessFile.java:344)
	at java.base/java.io.RandomAccessFile.<init>(RandomAccessFile.java:259)
	at java.base/java.io.RandomAccessFile.<init>(RandomAccessFile.java:213)
	at fr.xephi.authme.libs.com.maxmind.db.BufferHolder.<init>(BufferHolder.java:20)
	at fr.xephi.authme.libs.com.maxmind.db.Reader.<init>(Reader.java:121)
	at fr.xephi.authme.service.GeoIpService.startReading(GeoIpService.java:173)
	at fr.xephi.authme.service.GeoIpService.updateDatabase(GeoIpService.java:144)
	at org.bukkit.craftbukkit.v1_16_R3.scheduler.CraftTask.run(CraftTask.java:81)
	at org.bukkit.craftbukkit.v1_16_R3.scheduler.CraftAsyncTask.run(CraftAsyncTask.java:54)
	at java.base/java.util.concurrent.ThreadPoolExecutor.runWorker(ThreadPoolExecutor.java:1136)
	at java.base/java.util.concurrent.ThreadPoolExecutor$Worker.run(ThreadPoolExecutor.java:635)
	at java.base/java.lang.Thread.run(Thread.java:833)

[01-11 17:06:11]: [FINE] Chun_QiuCQ used the wrong password
[01-11 17:06:30]: [FINE] Chun_QiuCQ logged in 127.0.0.1
[01-11 17:45:46]: [INFO] AuthMe 5.6.0-beta2-b2453 disabled!
[01-11 17:47:34]: [INFO] SQLite Setup finished
[01-11 17:47:34]: [INFO] Hooked into LuckPerms!
[01-11 17:47:34]: [INFO] Hooked successfully into Essentials
[01-11 17:47:34]: [INFO] Essentials spawn file not found: 'F:\desktop\CBE2.0\plugins\Essentials\spawn.yml'
[01-11 17:47:34]: [INFO] AuthMe 5.6.0-beta2 build n.2453 successfully enabled!
[01-11 17:47:36]: [INFO] Downloading GEO IP database, because the old database is older than 30 days or doesn't exist
[01-11 17:47:36]: [WARN] No MaxMind credentials found in the configuration file! GeoIp protections will be disabled.
[01-11 17:47:36]: [INFO] There is no newer GEO IP database uploaded to MaxMind. Using the old one for now.
[01-11 17:47:36]: [WARN] Could not download GeoLiteAPI database [FileNotFoundException]: plugins\AuthMe\GeoLite2-Country.mmdb (系统找不到指定的文件。)
[01-11 17:47:36]: java.io.FileNotFoundException: plugins\AuthMe\GeoLite2-Country.mmdb (系统找不到指定的文件。)
	at java.base/java.io.RandomAccessFile.open0(Native Method)
	at java.base/java.io.RandomAccessFile.open(RandomAccessFile.java:344)
	at java.base/java.io.RandomAccessFile.<init>(RandomAccessFile.java:259)
	at java.base/java.io.RandomAccessFile.<init>(RandomAccessFile.java:213)
	at fr.xephi.authme.libs.com.maxmind.db.BufferHolder.<init>(BufferHolder.java:20)
	at fr.xephi.authme.libs.com.maxmind.db.Reader.<init>(Reader.java:121)
	at fr.xephi.authme.service.GeoIpService.startReading(GeoIpService.java:173)
	at fr.xephi.authme.service.GeoIpService.updateDatabase(GeoIpService.java:144)
	at org.bukkit.craftbukkit.v1_16_R3.scheduler.CraftTask.run(CraftTask.java:81)
	at org.bukkit.craftbukkit.v1_16_R3.scheduler.CraftAsyncTask.run(CraftAsyncTask.java:54)
	at java.base/java.util.concurrent.ThreadPoolExecutor.runWorker(ThreadPoolExecutor.java:1136)
	at java.base/java.util.concurrent.ThreadPoolExecutor$Worker.run(ThreadPoolExecutor.java:635)
	at java.base/java.lang.Thread.run(Thread.java:833)

[01-11 17:48:07]: [FINE] Chun_QiuCQ logged in 127.0.0.1
[01-11 18:07:49]: [FINE] Shu_Bao logged in 127.0.0.1
[01-11 19:42:42]: [INFO] AuthMe 5.6.0-beta2-b2453 disabled!
[01-11 19:43:52]: [INFO] SQLite Setup finished
[01-11 19:43:52]: [INFO] Hooked into LuckPerms!
[01-11 19:43:52]: [INFO] Hooked successfully into Essentials
[01-11 19:43:52]: [INFO] Essentials spawn file not found: 'F:\desktop\CBE2.0\plugins\Essentials\spawn.yml'
[01-11 19:43:53]: [INFO] AuthMe 5.6.0-beta2 build n.2453 successfully enabled!
[01-11 19:43:55]: [INFO] Downloading GEO IP database, because the old database is older than 30 days or doesn't exist
[01-11 19:43:55]: [WARN] No MaxMind credentials found in the configuration file! GeoIp protections will be disabled.
[01-11 19:43:55]: [INFO] There is no newer GEO IP database uploaded to MaxMind. Using the old one for now.
[01-11 19:43:55]: [WARN] Could not download GeoLiteAPI database [FileNotFoundException]: plugins\AuthMe\GeoLite2-Country.mmdb (系统找不到指定的文件。)
[01-11 19:43:55]: java.io.FileNotFoundException: plugins\AuthMe\GeoLite2-Country.mmdb (系统找不到指定的文件。)
	at java.base/java.io.RandomAccessFile.open0(Native Method)
	at java.base/java.io.RandomAccessFile.open(RandomAccessFile.java:344)
	at java.base/java.io.RandomAccessFile.<init>(RandomAccessFile.java:259)
	at java.base/java.io.RandomAccessFile.<init>(RandomAccessFile.java:213)
	at fr.xephi.authme.libs.com.maxmind.db.BufferHolder.<init>(BufferHolder.java:20)
	at fr.xephi.authme.libs.com.maxmind.db.Reader.<init>(Reader.java:121)
	at fr.xephi.authme.service.GeoIpService.startReading(GeoIpService.java:173)
	at fr.xephi.authme.service.GeoIpService.updateDatabase(GeoIpService.java:144)
	at org.bukkit.craftbukkit.v1_16_R3.scheduler.CraftTask.run(CraftTask.java:81)
	at org.bukkit.craftbukkit.v1_16_R3.scheduler.CraftAsyncTask.run(CraftAsyncTask.java:54)
	at java.base/java.util.concurrent.ThreadPoolExecutor.runWorker(ThreadPoolExecutor.java:1136)
	at java.base/java.util.concurrent.ThreadPoolExecutor$Worker.run(ThreadPoolExecutor.java:635)
	at java.base/java.lang.Thread.run(Thread.java:833)

[01-11 19:44:27]: [FINE] Chun_QiuCQ logged in 127.0.0.1
[01-11 22:38:28]: [INFO] AuthMe 5.6.0-beta2-b2453 disabled!
[01-14 19:00:43]: [INFO] SQLite Setup finished
[01-14 19:00:43]: [INFO] Hooked into LuckPerms!
[01-14 19:00:43]: [INFO] Hooked successfully into Essentials
[01-14 19:00:43]: [INFO] Essentials spawn file not found: 'F:\desktop\CBE2.0\plugins\Essentials\spawn.yml'
[01-14 19:00:43]: [INFO] AuthMe 5.6.0-beta2 build n.2453 successfully enabled!
[01-14 19:00:46]: [INFO] Downloading GEO IP database, because the old database is older than 30 days or doesn't exist
[01-14 19:00:46]: [WARN] No MaxMind credentials found in the configuration file! GeoIp protections will be disabled.
[01-14 19:00:46]: [INFO] There is no newer GEO IP database uploaded to MaxMind. Using the old one for now.
[01-14 19:00:46]: [WARN] Could not download GeoLiteAPI database [FileNotFoundException]: plugins\AuthMe\GeoLite2-Country.mmdb (系统找不到指定的文件。)
[01-14 19:00:46]: java.io.FileNotFoundException: plugins\AuthMe\GeoLite2-Country.mmdb (系统找不到指定的文件。)
	at java.base/java.io.RandomAccessFile.open0(Native Method)
	at java.base/java.io.RandomAccessFile.open(RandomAccessFile.java:344)
	at java.base/java.io.RandomAccessFile.<init>(RandomAccessFile.java:259)
	at java.base/java.io.RandomAccessFile.<init>(RandomAccessFile.java:213)
	at fr.xephi.authme.libs.com.maxmind.db.BufferHolder.<init>(BufferHolder.java:20)
	at fr.xephi.authme.libs.com.maxmind.db.Reader.<init>(Reader.java:121)
	at fr.xephi.authme.service.GeoIpService.startReading(GeoIpService.java:173)
	at fr.xephi.authme.service.GeoIpService.updateDatabase(GeoIpService.java:144)
	at org.bukkit.craftbukkit.v1_16_R3.scheduler.CraftTask.run(CraftTask.java:81)
	at org.bukkit.craftbukkit.v1_16_R3.scheduler.CraftAsyncTask.run(CraftAsyncTask.java:54)
	at java.base/java.util.concurrent.ThreadPoolExecutor.runWorker(ThreadPoolExecutor.java:1136)
	at java.base/java.util.concurrent.ThreadPoolExecutor$Worker.run(ThreadPoolExecutor.java:635)
	at java.base/java.lang.Thread.run(Thread.java:833)

[01-14 19:11:27]: [FINE] Chun_QiuCQ logged in 127.0.0.1
[01-14 19:41:23]: [INFO] AuthMe 5.6.0-beta2-b2453 disabled!
[01-16 16:01:40]: [INFO] SQLite Setup finished
[01-16 16:01:40]: [INFO] Hooked into LuckPerms!
[01-16 16:01:40]: [INFO] Hooked successfully into Essentials
[01-16 16:01:40]: [INFO] Essentials spawn file not found: 'F:\desktop\CBE2.0\plugins\Essentials\spawn.yml'
[01-16 16:01:40]: [INFO] AuthMe 5.6.0-beta2 build n.2453 successfully enabled!
[01-16 16:01:42]: [INFO] Downloading GEO IP database, because the old database is older than 30 days or doesn't exist
[01-16 16:01:42]: [WARN] No MaxMind credentials found in the configuration file! GeoIp protections will be disabled.
[01-16 16:01:42]: [INFO] There is no newer GEO IP database uploaded to MaxMind. Using the old one for now.
[01-16 16:01:42]: [WARN] Could not download GeoLiteAPI database [FileNotFoundException]: plugins\AuthMe\GeoLite2-Country.mmdb (系统找不到指定的文件。)
[01-16 16:01:42]: java.io.FileNotFoundException: plugins\AuthMe\GeoLite2-Country.mmdb (系统找不到指定的文件。)
	at java.base/java.io.RandomAccessFile.open0(Native Method)
	at java.base/java.io.RandomAccessFile.open(RandomAccessFile.java:344)
	at java.base/java.io.RandomAccessFile.<init>(RandomAccessFile.java:259)
	at java.base/java.io.RandomAccessFile.<init>(RandomAccessFile.java:213)
	at fr.xephi.authme.libs.com.maxmind.db.BufferHolder.<init>(BufferHolder.java:20)
	at fr.xephi.authme.libs.com.maxmind.db.Reader.<init>(Reader.java:121)
	at fr.xephi.authme.service.GeoIpService.startReading(GeoIpService.java:173)
	at fr.xephi.authme.service.GeoIpService.updateDatabase(GeoIpService.java:144)
	at org.bukkit.craftbukkit.v1_16_R3.scheduler.CraftTask.run(CraftTask.java:81)
	at org.bukkit.craftbukkit.v1_16_R3.scheduler.CraftAsyncTask.run(CraftAsyncTask.java:54)
	at java.base/java.util.concurrent.ThreadPoolExecutor.runWorker(ThreadPoolExecutor.java:1136)
	at java.base/java.util.concurrent.ThreadPoolExecutor$Worker.run(ThreadPoolExecutor.java:635)
	at java.base/java.lang.Thread.run(Thread.java:833)

[01-16 17:00:37]: [FINE] Chun_QiuCQ logged in 127.0.0.1
[01-16 17:20:53]: [INFO] AuthMe 5.6.0-beta2-b2453 disabled!
[01-16 17:24:46]: [INFO] SQLite Setup finished
[01-16 17:24:46]: [INFO] Hooked into LuckPerms!
[01-16 17:24:46]: [INFO] Hooked successfully into Essentials
[01-16 17:24:46]: [INFO] Essentials spawn file not found: 'F:\desktop\CBE2.0\plugins\Essentials\spawn.yml'
[01-16 17:24:46]: [INFO] AuthMe 5.6.0-beta2 build n.2453 successfully enabled!
[01-16 17:24:51]: [INFO] Downloading GEO IP database, because the old database is older than 30 days or doesn't exist
[01-16 17:24:51]: [WARN] No MaxMind credentials found in the configuration file! GeoIp protections will be disabled.
[01-16 17:24:51]: [INFO] There is no newer GEO IP database uploaded to MaxMind. Using the old one for now.
[01-16 17:24:51]: [WARN] Could not download GeoLiteAPI database [FileNotFoundException]: plugins\AuthMe\GeoLite2-Country.mmdb (系统找不到指定的文件。)
[01-16 17:24:51]: java.io.FileNotFoundException: plugins\AuthMe\GeoLite2-Country.mmdb (系统找不到指定的文件。)
	at java.base/java.io.RandomAccessFile.open0(Native Method)
	at java.base/java.io.RandomAccessFile.open(RandomAccessFile.java:344)
	at java.base/java.io.RandomAccessFile.<init>(RandomAccessFile.java:259)
	at java.base/java.io.RandomAccessFile.<init>(RandomAccessFile.java:213)
	at fr.xephi.authme.libs.com.maxmind.db.BufferHolder.<init>(BufferHolder.java:20)
	at fr.xephi.authme.libs.com.maxmind.db.Reader.<init>(Reader.java:121)
	at fr.xephi.authme.service.GeoIpService.startReading(GeoIpService.java:173)
	at fr.xephi.authme.service.GeoIpService.updateDatabase(GeoIpService.java:144)
	at org.bukkit.craftbukkit.v1_16_R3.scheduler.CraftTask.run(CraftTask.java:81)
	at org.bukkit.craftbukkit.v1_16_R3.scheduler.CraftAsyncTask.run(CraftAsyncTask.java:54)
	at java.base/java.util.concurrent.ThreadPoolExecutor.runWorker(ThreadPoolExecutor.java:1136)
	at java.base/java.util.concurrent.ThreadPoolExecutor$Worker.run(ThreadPoolExecutor.java:635)
	at java.base/java.lang.Thread.run(Thread.java:833)

[01-16 17:26:32]: [FINE] Chun_QiuCQ logged in 127.0.0.1
[01-26 20:26:23]: [INFO] SQLite Setup finished
[01-26 20:26:23]: [INFO] Hooked into LuckPerms!
[01-26 20:26:23]: [INFO] Hooked successfully into Essentials
[01-26 20:26:23]: [INFO] Essentials spawn file not found: 'F:\desktop\CBE2.0\plugins\Essentials\spawn.yml'
[01-26 20:26:23]: [INFO] AuthMe 5.6.0-beta2 build n.2453 successfully enabled!
[01-26 20:26:28]: [INFO] Downloading GEO IP database, because the old database is older than 30 days or doesn't exist
[01-26 20:26:28]: [WARN] No MaxMind credentials found in the configuration file! GeoIp protections will be disabled.
[01-26 20:26:28]: [INFO] There is no newer GEO IP database uploaded to MaxMind. Using the old one for now.
[01-26 20:26:28]: [WARN] Could not download GeoLiteAPI database [FileNotFoundException]: plugins\AuthMe\GeoLite2-Country.mmdb (系统找不到指定的文件。)
[01-26 20:26:28]: java.io.FileNotFoundException: plugins\AuthMe\GeoLite2-Country.mmdb (系统找不到指定的文件。)
	at java.base/java.io.RandomAccessFile.open0(Native Method)
	at java.base/java.io.RandomAccessFile.open(RandomAccessFile.java:344)
	at java.base/java.io.RandomAccessFile.<init>(RandomAccessFile.java:259)
	at java.base/java.io.RandomAccessFile.<init>(RandomAccessFile.java:213)
	at fr.xephi.authme.libs.com.maxmind.db.BufferHolder.<init>(BufferHolder.java:20)
	at fr.xephi.authme.libs.com.maxmind.db.Reader.<init>(Reader.java:121)
	at fr.xephi.authme.service.GeoIpService.startReading(GeoIpService.java:173)
	at fr.xephi.authme.service.GeoIpService.updateDatabase(GeoIpService.java:144)
	at org.bukkit.craftbukkit.v1_16_R3.scheduler.CraftTask.run(CraftTask.java:81)
	at org.bukkit.craftbukkit.v1_16_R3.scheduler.CraftAsyncTask.run(CraftAsyncTask.java:54)
	at java.base/java.util.concurrent.ThreadPoolExecutor.runWorker(ThreadPoolExecutor.java:1136)
	at java.base/java.util.concurrent.ThreadPoolExecutor$Worker.run(ThreadPoolExecutor.java:635)
	at java.base/java.lang.Thread.run(Thread.java:833)

[01-26 20:43:03]: [INFO] SQLite Setup finished
[01-26 20:43:03]: [INFO] Hooked into LuckPerms!
[01-26 20:43:03]: [INFO] Hooked successfully into Essentials
[01-26 20:43:03]: [INFO] Essentials spawn file not found: 'F:\desktop\CBE2.0\plugins\Essentials\spawn.yml'
[01-26 20:43:03]: [INFO] AuthMe 5.6.0-beta2 build n.2453 successfully enabled!
[01-26 20:43:08]: [INFO] Downloading GEO IP database, because the old database is older than 30 days or doesn't exist
[01-26 20:43:08]: [WARN] No MaxMind credentials found in the configuration file! GeoIp protections will be disabled.
[01-26 20:43:08]: [INFO] There is no newer GEO IP database uploaded to MaxMind. Using the old one for now.
[01-26 20:43:08]: [WARN] Could not download GeoLiteAPI database [FileNotFoundException]: plugins\AuthMe\GeoLite2-Country.mmdb (系统找不到指定的文件。)
[01-26 20:43:08]: java.io.FileNotFoundException: plugins\AuthMe\GeoLite2-Country.mmdb (系统找不到指定的文件。)
	at java.base/java.io.RandomAccessFile.open0(Native Method)
	at java.base/java.io.RandomAccessFile.open(RandomAccessFile.java:344)
	at java.base/java.io.RandomAccessFile.<init>(RandomAccessFile.java:259)
	at java.base/java.io.RandomAccessFile.<init>(RandomAccessFile.java:213)
	at fr.xephi.authme.libs.com.maxmind.db.BufferHolder.<init>(BufferHolder.java:20)
	at fr.xephi.authme.libs.com.maxmind.db.Reader.<init>(Reader.java:121)
	at fr.xephi.authme.service.GeoIpService.startReading(GeoIpService.java:173)
	at fr.xephi.authme.service.GeoIpService.updateDatabase(GeoIpService.java:144)
	at org.bukkit.craftbukkit.v1_16_R3.scheduler.CraftTask.run(CraftTask.java:81)
	at org.bukkit.craftbukkit.v1_16_R3.scheduler.CraftAsyncTask.run(CraftAsyncTask.java:54)
	at java.base/java.util.concurrent.ThreadPoolExecutor.runWorker(ThreadPoolExecutor.java:1136)
	at java.base/java.util.concurrent.ThreadPoolExecutor$Worker.run(ThreadPoolExecutor.java:635)
	at java.base/java.lang.Thread.run(Thread.java:833)

[01-26 20:44:51]: [FINE] Chun_QiuCQ logged in 127.0.0.1
